<?xml version="1.0" encoding="UTF-8"?>
<testng-results skipped="0" failed="0" ignored="0" total="1" passed="1">
  <reporter-output>
  </reporter-output>
  <suite name="Default suite" duration-ms="14019" started-at="2017-05-11T11:10:56Z" finished-at="2017-05-11T11:11:10Z">
    <groups>
    </groups>
    <test name="Default test" duration-ms="14019" started-at="2017-05-11T11:10:56Z" finished-at="2017-05-11T11:11:10Z">
      <class name="one.NewTest">
        <test-method status="PASS" signature="beforeTest()[pri:0, instance:one.NewTest@1e88b3c]" name="beforeTest" is-config="true" duration-ms="12087" started-at="2017-05-11T16:40:56Z" finished-at="2017-05-11T16:41:08Z">
          <reporter-output>
          </reporter-output>
        </test-method> <!-- beforeTest -->
        <test-method status="PASS" signature="f()[pri:0, instance:one.NewTest@1e88b3c]" name="f" duration-ms="1903" started-at="2017-05-11T16:41:08Z" finished-at="2017-05-11T16:41:10Z">
          <reporter-output>
          </reporter-output>
        </test-method> <!-- f -->
        <test-method status="PASS" signature="afterTest()[pri:0, instance:one.NewTest@1e88b3c]" name="afterTest" is-config="true" duration-ms="7" started-at="2017-05-11T16:41:10Z" finished-at="2017-05-11T16:41:10Z">
          <reporter-output>
          </reporter-output>
        </test-method> <!-- afterTest -->
      </class> <!-- one.NewTest -->
    </test> <!-- Default test -->
  </suite> <!-- Default suite -->
</testng-results>
